app/build/intermediates/manifest_merge_blame_file/debug/manifest-merger-blame-debug-report.txt
1<?xml version="1.0" encoding="utf-8"?>
2<manifest xmlns:android="http://schemas.android.com/apk/res/android"
3    package="com.leshu.superbrain"
4    android:versionCode="103"
5    android:versionName="1.0.3" >
6
7    <uses-sdk
8        android:minSdkVersion="21"
8-->src\main\AndroidManifest.xml
9        android:targetSdkVersion="29" />
9-->src\main\AndroidManifest.xml
10
11    <uses-permission android:name="android.permission.INTERNET" />
11-->src\main\AndroidManifest.xml:6:5-67
11-->src\main\AndroidManifest.xml:6:22-64
12    <uses-permission android:name="android.permission.ACCESS_NETWORK_STATE" />
12-->src\main\AndroidManifest.xml:7:5-79
12-->src\main\AndroidManifest.xml:7:22-76
13    <uses-permission android:name="android.permission.READ_PHONE_STATE" />
13-->src\main\AndroidManifest.xml:8:5-75
13-->src\main\AndroidManifest.xml:8:22-72
14    <uses-permission android:name="android.permission.ACCESS_WIFI_STATE" />
14-->src\main\AndroidManifest.xml:9:5-76
14-->src\main\AndroidManifest.xml:9:22-73
15    <uses-permission android:name="android.permission.WRITE_EXTERNAL_STORAGE" />
15-->src\main\AndroidManifest.xml:10:5-81
15-->src\main\AndroidManifest.xml:10:22-78
16
17    <application
17-->src\main\AndroidManifest.xml:12:5-51:19
18        android:name="com.wwy.android.app.MyApplication"
18-->src\main\AndroidManifest.xml:13:13-61
19        android:allowBackup="false"
19-->src\main\AndroidManifest.xml:14:13-40
20        android:appComponentFactory="androidx.core.app.CoreComponentFactory"
20-->[androidx.core:core:1.3.0] AndroidManifest.xml:24:18-86
21        android:debuggable="true"
22        android:icon="@mipmap/ic_launcher"
22-->src\main\AndroidManifest.xml:15:13-47
23        android:label="@string/app_name"
23-->src\main\AndroidManifest.xml:16:13-45
24        android:roundIcon="@mipmap/ic_launcher_round"
24-->src\main\AndroidManifest.xml:17:13-58
25        android:supportsRtl="true"
25-->src\main\AndroidManifest.xml:18:13-39
26        android:testOnly="true"
27        android:theme="@style/AppTheme" >
27-->src\main\AndroidManifest.xml:19:13-44
28        <activity
28-->src\main\AndroidManifest.xml:21:9-29:20
29            android:name="com.wwy.android.ui.WelcomeActivity"
29-->src\main\AndroidManifest.xml:22:17-66
30            android:theme="@style/AppTheme.Main" >
30-->src\main\AndroidManifest.xml:23:17-53
31            <intent-filter>
31-->src\main\AndroidManifest.xml:24:13-28:29
32                <action android:name="android.intent.action.MAIN" />
32-->src\main\AndroidManifest.xml:25:17-69
32-->src\main\AndroidManifest.xml:25:25-66
33
34                <category android:name="android.intent.category.LAUNCHER" />
34-->src\main\AndroidManifest.xml:27:17-77
34-->src\main\AndroidManifest.xml:27:27-74
35            </intent-filter>
36        </activity>
37        <activity android:name="com.wwy.android.ui.member.LoginActivity" />
37-->src\main\AndroidManifest.xml:30:9-76
37-->src\main\AndroidManifest.xml:30:19-73
38        <activity android:name="com.wwy.android.ui.main.MainActivity" />
38-->src\main\AndroidManifest.xml:31:9-73
38-->src\main\AndroidManifest.xml:31:19-70
39        <!-- 头条适配autosize -->
40        <meta-data
40-->src\main\AndroidManifest.xml:33:9-35:39
41            android:name="design_width_in_dp"
41-->src\main\AndroidManifest.xml:34:17-50
42            android:value="360" />
42-->src\main\AndroidManifest.xml:35:17-36
43        <meta-data
43-->src\main\AndroidManifest.xml:36:9-38:39
44            android:name="design_height_in_dp"
44-->src\main\AndroidManifest.xml:37:17-51
45            android:value="640" />
45-->src\main\AndroidManifest.xml:38:17-36
46        <!-- 适配华为（huawei）刘海屏 -->
47        <meta-data
47-->src\main\AndroidManifest.xml:40:9-42:40
48            android:name="android.notch_support"
48-->src\main\AndroidManifest.xml:41:17-53
49            android:value="true" />
49-->src\main\AndroidManifest.xml:42:17-37
50        <!-- 适配小米（xiaomi）刘海屏 -->
51        <meta-data
51-->src\main\AndroidManifest.xml:44:9-46:50
52            android:name="notch.config"
52-->src\main\AndroidManifest.xml:45:13-40
53            android:value="portrait|landscape" />
53-->src\main\AndroidManifest.xml:46:13-47
54        <!-- 适配全面屏 -->
55        <meta-data
55-->src\main\AndroidManifest.xml:48:9-50:35
56            android:name="android.max_aspect"
56-->src\main\AndroidManifest.xml:49:13-46
57            android:value="2.4" />
57-->src\main\AndroidManifest.xml:50:13-32
58
59        <provider
59-->[com.qw:soulpermission:1.2.2_x] AndroidManifest.xml:12:9-16:43
60            android:name="com.qw.soul.permission.InitProvider"
60-->[com.qw:soulpermission:1.2.2_x] AndroidManifest.xml:13:13-63
61            android:authorities="com.leshu.superbrain.permission.provider"
61-->[com.qw:soulpermission:1.2.2_x] AndroidManifest.xml:14:13-71
62            android:exported="false"
62-->[com.qw:soulpermission:1.2.2_x] AndroidManifest.xml:15:13-37
63            android:multiprocess="true" />
63-->[com.qw:soulpermission:1.2.2_x] AndroidManifest.xml:16:13-40
64        <provider
64-->[me.jessyan:autosize:1.1.2] AndroidManifest.xml:12:9-16:43
65            android:name="me.jessyan.autosize.InitProvider"
65-->[me.jessyan:autosize:1.1.2] AndroidManifest.xml:13:13-60
66            android:authorities="com.leshu.superbrain.autosize-init-provider"
66-->[me.jessyan:autosize:1.1.2] AndroidManifest.xml:14:13-74
67            android:exported="false"
67-->[me.jessyan:autosize:1.1.2] AndroidManifest.xml:15:13-37
68            android:multiprocess="true" />
68-->[me.jessyan:autosize:1.1.2] AndroidManifest.xml:16:13-40
69        <provider
69-->[androidx.lifecycle:lifecycle-process:2.1.0] AndroidManifest.xml:23:9-27:43
70            android:name="androidx.lifecycle.ProcessLifecycleOwnerInitializer"
70-->[androidx.lifecycle:lifecycle-process:2.1.0] AndroidManifest.xml:24:13-79
71            android:authorities="com.leshu.superbrain.lifecycle-process"
71-->[androidx.lifecycle:lifecycle-process:2.1.0] AndroidManifest.xml:25:13-69
72            android:exported="false"
72-->[androidx.lifecycle:lifecycle-process:2.1.0] AndroidManifest.xml:26:13-37
73            android:multiprocess="true" />
73-->[androidx.lifecycle:lifecycle-process:2.1.0] AndroidManifest.xml:27:13-40
74    </application>
75
76</manifest>